<?xml version="1.0" encoding="UTF-8"?>
<!-- Generated by org.testng.reporters.JUnitReportReporter -->
<testsuite hostname="KCs-Life" failures="0" tests="1" name="runner.RunCuke" time="6.397" errors="0" timestamp="2024-07-11T01:15:39 BST" skipped="0">
  <testcase classname="runner.RunCuke" name="runScenario" time="6.397"/>
</testsuite> <!-- runner.RunCuke -->
