<?xml version="1.0" encoding="UTF-8"?>
<!-- Generated by org.testng.reporters.JUnitReportReporter -->
<testsuite hostname="KCs-Life" failures="0" tests="1" name="runner.RunCuke" time="3.139" errors="0" timestamp="2024-07-11T00:46:26 BST" skipped="0">
  <testcase classname="runner.RunCuke" name="runScenario" time="3.139"/>
</testsuite> <!-- runner.RunCuke -->
